[2022-05-11 17:58:42,657: INFO/MainProcess] beat: Starting...
[2022-05-11 17:58:42,690: INFO/MainProcess] Scheduler: Sending due task update-five-minutes (update)
[2022-05-11 18:04:56,689: INFO/MainProcess] beat: Starting...
[2022-05-11 18:04:56,726: INFO/MainProcess] Scheduler: Sending due task update-five-minutes (update)
[2022-05-11 18:09:56,815: INFO/MainProcess] Scheduler: Sending due task update-five-minutes (update)
[2022-05-11 18:14:56,885: INFO/MainProcess] Scheduler: Sending due task update-five-minutes (update)
[2022-05-11 18:19:56,886: INFO/MainProcess] Scheduler: Sending due task update-five-minutes (update)
[2022-05-11 18:24:56,964: INFO/MainProcess] Scheduler: Sending due task update-five-minutes (update)
[2022-05-11 18:29:56,981: INFO/MainProcess] Scheduler: Sending due task update-five-minutes (update)
[2022-05-11 20:50:09,813: INFO/MainProcess] beat: Starting...
[2022-05-11 20:50:09,845: INFO/MainProcess] Scheduler: Sending due task update-five-minutes (update)
[2022-05-11 20:53:20,066: INFO/MainProcess] beat: Starting...
[2022-05-11 20:53:30,255: INFO/MainProcess] beat: Starting...
[2022-05-11 20:53:30,260: ERROR/MainProcess] Removing corrupted schedule file 'celerybeat-schedule': error(11, 'Resource temporarily unavailable')
Traceback (most recent call last):
  File "/home/steven/Ledingo_challenge/lvenv/lib/python3.10/site-packages/celery/beat.py", line 533, in setup_schedule
    self._store = self._open_schedule()
  File "/home/steven/Ledingo_challenge/lvenv/lib/python3.10/site-packages/celery/beat.py", line 523, in _open_schedule
    return self.persistence.open(self.schedule_filename, writeback=True)
  File "/usr/lib/python3.10/shelve.py", line 243, in open
    return DbfilenameShelf(filename, flag, protocol, writeback)
  File "/usr/lib/python3.10/shelve.py", line 227, in __init__
    Shelf.__init__(self, dbm.open(filename, flag), protocol, writeback)
  File "/usr/lib/python3.10/dbm/__init__.py", line 95, in open
    return mod.open(file, flag, mode)
_gdbm.error: [Errno 11] Resource temporarily unavailable: 'celerybeat-schedule'
[2022-05-11 20:53:45,019: INFO/MainProcess] beat: Starting...
[2022-05-11 20:53:45,025: ERROR/MainProcess] Removing corrupted schedule file 'celerybeat-schedule': error(11, 'Resource temporarily unavailable')
Traceback (most recent call last):
  File "/home/steven/Ledingo_challenge/lvenv/lib/python3.10/site-packages/celery/beat.py", line 533, in setup_schedule
    self._store = self._open_schedule()
  File "/home/steven/Ledingo_challenge/lvenv/lib/python3.10/site-packages/celery/beat.py", line 523, in _open_schedule
    return self.persistence.open(self.schedule_filename, writeback=True)
  File "/usr/lib/python3.10/shelve.py", line 243, in open
    return DbfilenameShelf(filename, flag, protocol, writeback)
  File "/usr/lib/python3.10/shelve.py", line 227, in __init__
    Shelf.__init__(self, dbm.open(filename, flag), protocol, writeback)
  File "/usr/lib/python3.10/dbm/__init__.py", line 95, in open
    return mod.open(file, flag, mode)
_gdbm.error: [Errno 11] Resource temporarily unavailable: 'celerybeat-schedule'
[2022-05-11 20:55:06,763: INFO/MainProcess] beat: Starting...
[2022-05-11 20:55:06,769: ERROR/MainProcess] Removing corrupted schedule file 'celerybeat-schedule': error(11, 'Resource temporarily unavailable')
Traceback (most recent call last):
  File "/home/steven/Ledingo_challenge/lvenv/lib/python3.10/site-packages/celery/beat.py", line 533, in setup_schedule
    self._store = self._open_schedule()
  File "/home/steven/Ledingo_challenge/lvenv/lib/python3.10/site-packages/celery/beat.py", line 523, in _open_schedule
    return self.persistence.open(self.schedule_filename, writeback=True)
  File "/usr/lib/python3.10/shelve.py", line 243, in open
    return DbfilenameShelf(filename, flag, protocol, writeback)
  File "/usr/lib/python3.10/shelve.py", line 227, in __init__
    Shelf.__init__(self, dbm.open(filename, flag), protocol, writeback)
  File "/usr/lib/python3.10/dbm/__init__.py", line 95, in open
    return mod.open(file, flag, mode)
_gdbm.error: [Errno 11] Resource temporarily unavailable: 'celerybeat-schedule'
[2022-05-11 20:55:09,937: INFO/MainProcess] Scheduler: Sending due task update-five-minutes (update)
[2022-05-11 20:58:30,339: INFO/MainProcess] Scheduler: Sending due task update-five-minutes (update)
[2022-05-11 20:58:45,104: INFO/MainProcess] Scheduler: Sending due task update-five-minutes (update)
[2022-05-11 21:00:06,819: INFO/MainProcess] Scheduler: Sending due task update-five-minutes (update)
[2022-05-11 21:00:10,023: INFO/MainProcess] Scheduler: Sending due task update-five-minutes (update)
[2022-05-11 21:03:30,410: INFO/MainProcess] Scheduler: Sending due task update-five-minutes (update)
[2022-05-11 21:03:45,155: INFO/MainProcess] Scheduler: Sending due task update-five-minutes (update)
[2022-05-11 21:05:06,883: INFO/MainProcess] Scheduler: Sending due task update-five-minutes (update)
[2022-05-11 21:05:10,111: INFO/MainProcess] Scheduler: Sending due task update-five-minutes (update)
[2022-05-11 21:08:30,638: INFO/MainProcess] Scheduler: Sending due task update-five-minutes (update)
[2022-05-11 21:08:45,171: INFO/MainProcess] Scheduler: Sending due task update-five-minutes (update)
[2022-05-11 21:10:06,938: INFO/MainProcess] Scheduler: Sending due task update-five-minutes (update)
[2022-05-11 21:10:10,200: INFO/MainProcess] Scheduler: Sending due task update-five-minutes (update)
[2022-05-11 21:13:30,691: INFO/MainProcess] Scheduler: Sending due task update-five-minutes (update)
[2022-05-11 21:13:45,211: INFO/MainProcess] Scheduler: Sending due task update-five-minutes (update)
[2022-05-11 21:15:06,960: INFO/MainProcess] Scheduler: Sending due task update-five-minutes (update)
[2022-05-11 21:15:10,291: INFO/MainProcess] Scheduler: Sending due task update-five-minutes (update)
[2022-05-11 21:18:30,758: INFO/MainProcess] Scheduler: Sending due task update-five-minutes (update)
[2022-05-11 21:18:45,293: INFO/MainProcess] Scheduler: Sending due task update-five-minutes (update)
[2022-05-11 21:20:07,051: INFO/MainProcess] Scheduler: Sending due task update-five-minutes (update)
[2022-05-11 21:20:10,379: INFO/MainProcess] Scheduler: Sending due task update-five-minutes (update)
[2022-05-11 21:23:30,832: INFO/MainProcess] Scheduler: Sending due task update-five-minutes (update)
[2022-05-11 21:23:45,330: INFO/MainProcess] Scheduler: Sending due task update-five-minutes (update)
[2022-05-11 21:25:07,114: INFO/MainProcess] Scheduler: Sending due task update-five-minutes (update)
[2022-05-11 21:25:10,467: INFO/MainProcess] Scheduler: Sending due task update-five-minutes (update)
[2022-05-11 21:28:30,915: INFO/MainProcess] Scheduler: Sending due task update-five-minutes (update)
[2022-05-11 21:28:45,349: INFO/MainProcess] Scheduler: Sending due task update-five-minutes (update)
[2022-05-11 21:30:07,206: INFO/MainProcess] Scheduler: Sending due task update-five-minutes (update)
[2022-05-11 21:30:10,559: INFO/MainProcess] Scheduler: Sending due task update-five-minutes (update)
[2022-05-13 12:13:24,644: INFO/MainProcess] beat: Starting...
[2022-05-13 12:13:24,681: INFO/MainProcess] Scheduler: Sending due task update-five-minutes (update)
[2022-05-13 12:18:24,771: INFO/MainProcess] Scheduler: Sending due task update-five-minutes (update)
[2022-05-13 12:23:24,862: INFO/MainProcess] Scheduler: Sending due task update-five-minutes (update)
[2022-05-13 12:28:24,951: INFO/MainProcess] Scheduler: Sending due task update-five-minutes (update)
[2022-05-13 12:33:25,039: INFO/MainProcess] Scheduler: Sending due task update-five-minutes (update)
[2022-05-13 12:38:25,130: INFO/MainProcess] Scheduler: Sending due task update-five-minutes (update)
[2022-05-13 12:43:25,222: INFO/MainProcess] Scheduler: Sending due task update-five-minutes (update)
[2022-05-13 12:48:25,243: INFO/MainProcess] Scheduler: Sending due task update-five-minutes (update)
[2022-05-13 12:53:25,243: INFO/MainProcess] Scheduler: Sending due task update-five-minutes (update)
[2022-05-13 12:58:25,244: INFO/MainProcess] Scheduler: Sending due task update-five-minutes (update)
[2022-05-13 13:00:46,003: INFO/MainProcess] beat: Starting...
[2022-05-13 13:00:46,037: INFO/MainProcess] Scheduler: Sending due task update-five-minutes (update)
[2022-05-13 13:03:21,907: INFO/MainProcess] beat: Starting...
[2022-05-13 13:03:21,915: ERROR/MainProcess] Removing corrupted schedule file 'celerybeat-schedule': error(11, 'Resource temporarily unavailable')
Traceback (most recent call last):
  File "/home/steven/Ledingo_challenge/lvenv/lib/python3.10/site-packages/celery/beat.py", line 533, in setup_schedule
    self._store = self._open_schedule()
  File "/home/steven/Ledingo_challenge/lvenv/lib/python3.10/site-packages/celery/beat.py", line 523, in _open_schedule
    return self.persistence.open(self.schedule_filename, writeback=True)
  File "/usr/lib/python3.10/shelve.py", line 243, in open
    return DbfilenameShelf(filename, flag, protocol, writeback)
  File "/usr/lib/python3.10/shelve.py", line 227, in __init__
    Shelf.__init__(self, dbm.open(filename, flag), protocol, writeback)
  File "/usr/lib/python3.10/dbm/__init__.py", line 95, in open
    return mod.open(file, flag, mode)
_gdbm.error: [Errno 11] Resource temporarily unavailable: 'celerybeat-schedule'
[2022-05-13 13:05:37,753: INFO/MainProcess] beat: Starting...
[2022-05-13 13:05:37,759: ERROR/MainProcess] Removing corrupted schedule file 'celerybeat-schedule': error(11, 'Resource temporarily unavailable')
Traceback (most recent call last):
  File "/home/steven/Ledingo_challenge/lvenv/lib/python3.10/site-packages/celery/beat.py", line 533, in setup_schedule
    self._store = self._open_schedule()
  File "/home/steven/Ledingo_challenge/lvenv/lib/python3.10/site-packages/celery/beat.py", line 523, in _open_schedule
    return self.persistence.open(self.schedule_filename, writeback=True)
  File "/usr/lib/python3.10/shelve.py", line 243, in open
    return DbfilenameShelf(filename, flag, protocol, writeback)
  File "/usr/lib/python3.10/shelve.py", line 227, in __init__
    Shelf.__init__(self, dbm.open(filename, flag), protocol, writeback)
  File "/usr/lib/python3.10/dbm/__init__.py", line 95, in open
    return mod.open(file, flag, mode)
_gdbm.error: [Errno 11] Resource temporarily unavailable: 'celerybeat-schedule'
[2022-05-13 13:05:46,075: INFO/MainProcess] Scheduler: Sending due task update-five-minutes (update)
[2022-05-13 13:06:00,775: INFO/MainProcess] beat: Starting...
[2022-05-13 13:06:00,785: ERROR/MainProcess] Removing corrupted schedule file 'celerybeat-schedule': error(11, 'Resource temporarily unavailable')
Traceback (most recent call last):
  File "/home/steven/Ledingo_challenge/lvenv/lib/python3.10/site-packages/celery/beat.py", line 533, in setup_schedule
    self._store = self._open_schedule()
  File "/home/steven/Ledingo_challenge/lvenv/lib/python3.10/site-packages/celery/beat.py", line 523, in _open_schedule
    return self.persistence.open(self.schedule_filename, writeback=True)
  File "/usr/lib/python3.10/shelve.py", line 243, in open
    return DbfilenameShelf(filename, flag, protocol, writeback)
  File "/usr/lib/python3.10/shelve.py", line 227, in __init__
    Shelf.__init__(self, dbm.open(filename, flag), protocol, writeback)
  File "/usr/lib/python3.10/dbm/__init__.py", line 95, in open
    return mod.open(file, flag, mode)
_gdbm.error: [Errno 11] Resource temporarily unavailable: 'celerybeat-schedule'
[2022-05-13 13:08:22,017: INFO/MainProcess] Scheduler: Sending due task update-five-minutes (update)
[2022-05-13 13:10:37,853: INFO/MainProcess] Scheduler: Sending due task update-five-minutes (update)
[2022-05-13 13:10:46,137: INFO/MainProcess] Scheduler: Sending due task update-five-minutes (update)
[2022-05-13 13:11:00,880: INFO/MainProcess] Scheduler: Sending due task update-five-minutes (update)
[2022-05-13 13:13:22,038: INFO/MainProcess] Scheduler: Sending due task update-five-minutes (update)
[2022-05-13 13:15:37,940: INFO/MainProcess] Scheduler: Sending due task update-five-minutes (update)
[2022-05-13 13:15:46,230: INFO/MainProcess] Scheduler: Sending due task update-five-minutes (update)
[2022-05-13 13:16:00,957: INFO/MainProcess] Scheduler: Sending due task update-five-minutes (update)
[2022-05-13 13:18:22,127: INFO/MainProcess] Scheduler: Sending due task update-five-minutes (update)
[2022-05-13 13:20:38,031: INFO/MainProcess] Scheduler: Sending due task update-five-minutes (update)
[2022-05-13 13:20:46,298: INFO/MainProcess] Scheduler: Sending due task update-five-minutes (update)
[2022-05-13 13:21:01,049: INFO/MainProcess] Scheduler: Sending due task update-five-minutes (update)
[2022-05-13 13:23:22,215: INFO/MainProcess] Scheduler: Sending due task update-five-minutes (update)
[2022-05-13 13:25:38,105: INFO/MainProcess] Scheduler: Sending due task update-five-minutes (update)
[2022-05-13 13:25:46,336: INFO/MainProcess] Scheduler: Sending due task update-five-minutes (update)
[2022-05-13 13:26:01,115: INFO/MainProcess] Scheduler: Sending due task update-five-minutes (update)
[2022-05-13 13:28:22,289: INFO/MainProcess] Scheduler: Sending due task update-five-minutes (update)
[2022-05-13 13:30:38,187: INFO/MainProcess] Scheduler: Sending due task update-five-minutes (update)
[2022-05-13 13:30:46,417: INFO/MainProcess] Scheduler: Sending due task update-five-minutes (update)
[2022-05-13 13:31:01,116: INFO/MainProcess] Scheduler: Sending due task update-five-minutes (update)
[2022-05-13 13:33:22,380: INFO/MainProcess] Scheduler: Sending due task update-five-minutes (update)
[2022-05-13 13:35:38,279: INFO/MainProcess] Scheduler: Sending due task update-five-minutes (update)
[2022-05-13 13:35:46,460: INFO/MainProcess] Scheduler: Sending due task update-five-minutes (update)
[2022-05-13 13:36:01,208: INFO/MainProcess] Scheduler: Sending due task update-five-minutes (update)
[2022-05-13 13:38:22,437: INFO/MainProcess] Scheduler: Sending due task update-five-minutes (update)
[2022-05-13 13:40:38,370: INFO/MainProcess] Scheduler: Sending due task update-five-minutes (update)
[2022-05-13 13:40:46,544: INFO/MainProcess] Scheduler: Sending due task update-five-minutes (update)
[2022-05-13 13:41:01,248: INFO/MainProcess] Scheduler: Sending due task update-five-minutes (update)
[2022-05-13 13:43:22,520: INFO/MainProcess] Scheduler: Sending due task update-five-minutes (update)
[2022-05-13 13:45:38,459: INFO/MainProcess] Scheduler: Sending due task update-five-minutes (update)
[2022-05-13 13:45:46,635: INFO/MainProcess] Scheduler: Sending due task update-five-minutes (update)
[2022-05-13 13:46:01,334: INFO/MainProcess] Scheduler: Sending due task update-five-minutes (update)
[2022-05-13 13:48:22,575: INFO/MainProcess] Scheduler: Sending due task update-five-minutes (update)
[2022-05-13 13:50:38,547: INFO/MainProcess] Scheduler: Sending due task update-five-minutes (update)
[2022-05-13 13:50:46,715: INFO/MainProcess] Scheduler: Sending due task update-five-minutes (update)
[2022-05-13 13:51:01,423: INFO/MainProcess] Scheduler: Sending due task update-five-minutes (update)
[2022-05-13 13:53:22,666: INFO/MainProcess] Scheduler: Sending due task update-five-minutes (update)
[2022-05-13 13:55:38,637: INFO/MainProcess] Scheduler: Sending due task update-five-minutes (update)
[2022-05-13 13:55:46,783: INFO/MainProcess] Scheduler: Sending due task update-five-minutes (update)
[2022-05-13 13:56:01,504: INFO/MainProcess] Scheduler: Sending due task update-five-minutes (update)
[2022-05-13 13:58:22,759: INFO/MainProcess] Scheduler: Sending due task update-five-minutes (update)
[2022-05-13 14:00:38,671: INFO/MainProcess] Scheduler: Sending due task update-five-minutes (update)
[2022-05-13 14:00:46,814: INFO/MainProcess] Scheduler: Sending due task update-five-minutes (update)
[2022-05-13 14:01:01,595: INFO/MainProcess] Scheduler: Sending due task update-five-minutes (update)
[2022-05-13 14:03:22,847: INFO/MainProcess] Scheduler: Sending due task update-five-minutes (update)
[2022-05-13 14:05:38,763: INFO/MainProcess] Scheduler: Sending due task update-five-minutes (update)
[2022-05-13 14:05:46,905: INFO/MainProcess] Scheduler: Sending due task update-five-minutes (update)
[2022-05-13 14:06:01,621: INFO/MainProcess] Scheduler: Sending due task update-five-minutes (update)
[2022-05-13 14:08:22,939: INFO/MainProcess] Scheduler: Sending due task update-five-minutes (update)
[2022-05-13 14:10:38,851: INFO/MainProcess] Scheduler: Sending due task update-five-minutes (update)
[2022-05-13 14:10:46,997: INFO/MainProcess] Scheduler: Sending due task update-five-minutes (update)
[2022-05-13 14:11:01,677: INFO/MainProcess] Scheduler: Sending due task update-five-minutes (update)
[2022-05-13 14:13:23,440: INFO/MainProcess] Scheduler: Sending due task update-five-minutes (update)
[2022-05-13 14:15:39,041: INFO/MainProcess] Scheduler: Sending due task update-five-minutes (update)
[2022-05-13 14:15:47,180: INFO/MainProcess] Scheduler: Sending due task update-five-minutes (update)
[2022-05-13 14:16:01,767: INFO/MainProcess] Scheduler: Sending due task update-five-minutes (update)
[2022-05-13 14:18:23,531: INFO/MainProcess] Scheduler: Sending due task update-five-minutes (update)
[2022-05-13 14:20:39,224: INFO/MainProcess] Scheduler: Sending due task update-five-minutes (update)
[2022-05-13 14:20:47,271: INFO/MainProcess] Scheduler: Sending due task update-five-minutes (update)
[2022-05-13 14:21:01,855: INFO/MainProcess] Scheduler: Sending due task update-five-minutes (update)
[2022-05-13 14:23:23,619: INFO/MainProcess] Scheduler: Sending due task update-five-minutes (update)
[2022-05-13 14:25:39,315: INFO/MainProcess] Scheduler: Sending due task update-five-minutes (update)
[2022-05-13 14:25:47,359: INFO/MainProcess] Scheduler: Sending due task update-five-minutes (update)
[2022-05-13 14:26:01,943: INFO/MainProcess] Scheduler: Sending due task update-five-minutes (update)
[2022-05-13 14:28:23,641: INFO/MainProcess] Scheduler: Sending due task update-five-minutes (update)
[2022-05-13 14:30:39,401: INFO/MainProcess] Scheduler: Sending due task update-five-minutes (update)
[2022-05-13 14:30:47,375: INFO/MainProcess] Scheduler: Sending due task update-five-minutes (update)
[2022-05-13 14:31:02,032: INFO/MainProcess] Scheduler: Sending due task update-five-minutes (update)
[2022-05-13 14:33:23,720: INFO/MainProcess] Scheduler: Sending due task update-five-minutes (update)
[2022-05-13 14:35:39,482: INFO/MainProcess] Scheduler: Sending due task update-five-minutes (update)
[2022-05-13 14:35:47,446: INFO/MainProcess] Scheduler: Sending due task update-five-minutes (update)
[2022-05-13 14:36:02,107: INFO/MainProcess] Scheduler: Sending due task update-five-minutes (update)
[2022-05-13 14:38:23,811: INFO/MainProcess] Scheduler: Sending due task update-five-minutes (update)
[2022-05-13 14:40:39,562: INFO/MainProcess] Scheduler: Sending due task update-five-minutes (update)
[2022-05-13 14:40:47,538: INFO/MainProcess] Scheduler: Sending due task update-five-minutes (update)
[2022-05-13 14:41:02,199: INFO/MainProcess] Scheduler: Sending due task update-five-minutes (update)
[2022-05-13 14:43:23,904: INFO/MainProcess] Scheduler: Sending due task update-five-minutes (update)
[2022-05-13 14:45:39,654: INFO/MainProcess] Scheduler: Sending due task update-five-minutes (update)
[2022-05-13 14:45:47,631: INFO/MainProcess] Scheduler: Sending due task update-five-minutes (update)
[2022-05-13 14:46:02,290: INFO/MainProcess] Scheduler: Sending due task update-five-minutes (update)
[2022-05-13 14:48:23,996: INFO/MainProcess] Scheduler: Sending due task update-five-minutes (update)
[2022-05-13 17:31:55,812: INFO/MainProcess] Scheduler: Sending due task update-five-minutes (update)
[2022-05-13 17:32:03,771: INFO/MainProcess] Scheduler: Sending due task update-five-minutes (update)
[2022-05-13 17:32:18,455: INFO/MainProcess] Scheduler: Sending due task update-five-minutes (update)
[2022-05-14 14:56:36,995: INFO/MainProcess] Scheduler: Sending due task update-five-minutes (update)
[2022-05-14 15:05:07,042: INFO/MainProcess] Scheduler: Sending due task update-five-minutes (update)
[2022-05-14 15:05:15,007: INFO/MainProcess] Scheduler: Sending due task update-five-minutes (update)
[2022-05-14 15:05:29,692: INFO/MainProcess] Scheduler: Sending due task update-five-minutes (update)
[2022-05-14 15:07:51,376: INFO/MainProcess] Scheduler: Sending due task update-five-minutes (update)
[2022-05-14 15:10:07,130: INFO/MainProcess] Scheduler: Sending due task update-five-minutes (update)
[2022-05-14 15:10:15,098: INFO/MainProcess] Scheduler: Sending due task update-five-minutes (update)
[2022-05-14 15:10:29,782: INFO/MainProcess] Scheduler: Sending due task update-five-minutes (update)
[2022-05-14 15:12:51,467: INFO/MainProcess] Scheduler: Sending due task update-five-minutes (update)
[2022-05-14 15:15:07,222: INFO/MainProcess] Scheduler: Sending due task update-five-minutes (update)
[2022-05-14 15:15:15,189: INFO/MainProcess] Scheduler: Sending due task update-five-minutes (update)
[2022-05-14 15:15:29,809: INFO/MainProcess] Scheduler: Sending due task update-five-minutes (update)
[2022-05-14 15:17:51,555: INFO/MainProcess] Scheduler: Sending due task update-five-minutes (update)
[2022-05-14 15:20:07,310: INFO/MainProcess] Scheduler: Sending due task update-five-minutes (update)
[2022-05-14 15:20:15,207: INFO/MainProcess] Scheduler: Sending due task update-five-minutes (update)
[2022-05-14 15:20:29,878: INFO/MainProcess] Scheduler: Sending due task update-five-minutes (update)
[2022-05-14 15:22:51,612: INFO/MainProcess] Scheduler: Sending due task update-five-minutes (update)
[2022-05-14 15:25:07,393: INFO/MainProcess] Scheduler: Sending due task update-five-minutes (update)
[2022-05-14 15:25:15,299: INFO/MainProcess] Scheduler: Sending due task update-five-minutes (update)
[2022-05-14 15:25:29,928: INFO/MainProcess] Scheduler: Sending due task update-five-minutes (update)
[2022-05-14 15:27:51,703: INFO/MainProcess] Scheduler: Sending due task update-five-minutes (update)
[2022-05-14 15:30:07,407: INFO/MainProcess] Scheduler: Sending due task update-five-minutes (update)
[2022-05-14 15:30:15,390: INFO/MainProcess] Scheduler: Sending due task update-five-minutes (update)
[2022-05-14 15:30:29,928: INFO/MainProcess] Scheduler: Sending due task update-five-minutes (update)
[2022-05-14 15:32:51,703: INFO/MainProcess] Scheduler: Sending due task update-five-minutes (update)
[2022-05-14 15:35:07,407: INFO/MainProcess] Scheduler: Sending due task update-five-minutes (update)
[2022-05-14 15:35:15,390: INFO/MainProcess] Scheduler: Sending due task update-five-minutes (update)
[2022-05-14 15:35:30,020: INFO/MainProcess] Scheduler: Sending due task update-five-minutes (update)
[2022-05-14 15:37:51,793: INFO/MainProcess] Scheduler: Sending due task update-five-minutes (update)
[2022-05-14 15:40:07,498: INFO/MainProcess] Scheduler: Sending due task update-five-minutes (update)
[2022-05-14 15:40:15,480: INFO/MainProcess] Scheduler: Sending due task update-five-minutes (update)
[2022-05-14 15:40:30,108: INFO/MainProcess] Scheduler: Sending due task update-five-minutes (update)
[2022-05-14 15:42:51,881: INFO/MainProcess] Scheduler: Sending due task update-five-minutes (update)
[2022-05-14 15:45:07,527: INFO/MainProcess] Scheduler: Sending due task update-five-minutes (update)
[2022-05-14 15:45:15,551: INFO/MainProcess] Scheduler: Sending due task update-five-minutes (update)
[2022-05-14 15:45:30,197: INFO/MainProcess] Scheduler: Sending due task update-five-minutes (update)
[2022-05-14 15:47:51,963: INFO/MainProcess] Scheduler: Sending due task update-five-minutes (update)
[2022-05-14 15:50:07,528: INFO/MainProcess] Scheduler: Sending due task update-five-minutes (update)
[2022-05-14 15:50:15,641: INFO/MainProcess] Scheduler: Sending due task update-five-minutes (update)
[2022-05-14 15:50:30,285: INFO/MainProcess] Scheduler: Sending due task update-five-minutes (update)
[2022-05-14 15:52:51,963: INFO/MainProcess] Scheduler: Sending due task update-five-minutes (update)
[2022-05-14 15:55:07,620: INFO/MainProcess] Scheduler: Sending due task update-five-minutes (update)
[2022-05-14 15:55:15,729: INFO/MainProcess] Scheduler: Sending due task update-five-minutes (update)
[2022-05-14 15:55:30,361: INFO/MainProcess] Scheduler: Sending due task update-five-minutes (update)
[2022-05-14 15:57:51,998: INFO/MainProcess] Scheduler: Sending due task update-five-minutes (update)
[2022-05-14 16:00:07,703: INFO/MainProcess] Scheduler: Sending due task update-five-minutes (update)
[2022-05-14 16:00:15,779: INFO/MainProcess] Scheduler: Sending due task update-five-minutes (update)
[2022-05-14 16:00:30,369: INFO/MainProcess] Scheduler: Sending due task update-five-minutes (update)
[2022-05-14 16:02:52,089: INFO/MainProcess] Scheduler: Sending due task update-five-minutes (update)
[2022-05-14 16:05:07,756: INFO/MainProcess] Scheduler: Sending due task update-five-minutes (update)
[2022-05-14 16:05:15,870: INFO/MainProcess] Scheduler: Sending due task update-five-minutes (update)
[2022-05-14 16:05:30,457: INFO/MainProcess] Scheduler: Sending due task update-five-minutes (update)
[2022-05-14 16:07:52,223: INFO/MainProcess] Scheduler: Sending due task update-five-minutes (update)
[2022-05-14 16:10:07,822: INFO/MainProcess] Scheduler: Sending due task update-five-minutes (update)
[2022-05-14 16:10:15,917: INFO/MainProcess] Scheduler: Sending due task update-five-minutes (update)
[2022-05-14 16:10:30,529: INFO/MainProcess] Scheduler: Sending due task update-five-minutes (update)
[2022-05-14 16:12:52,313: INFO/MainProcess] Scheduler: Sending due task update-five-minutes (update)
[2022-05-14 16:15:07,919: INFO/MainProcess] Scheduler: Sending due task update-five-minutes (update)
[2022-05-14 16:15:16,008: INFO/MainProcess] Scheduler: Sending due task update-five-minutes (update)
[2022-05-14 16:15:30,620: INFO/MainProcess] Scheduler: Sending due task update-five-minutes (update)
[2022-05-14 16:17:52,405: INFO/MainProcess] Scheduler: Sending due task update-five-minutes (update)
[2022-05-14 16:20:07,977: INFO/MainProcess] Scheduler: Sending due task update-five-minutes (update)
[2022-05-14 16:20:16,101: INFO/MainProcess] Scheduler: Sending due task update-five-minutes (update)
[2022-05-14 16:20:30,709: INFO/MainProcess] Scheduler: Sending due task update-five-minutes (update)
[2022-05-14 16:22:52,461: INFO/MainProcess] Scheduler: Sending due task update-five-minutes (update)
[2022-05-14 16:25:07,979: INFO/MainProcess] Scheduler: Sending due task update-five-minutes (update)
[2022-05-14 16:25:16,188: INFO/MainProcess] Scheduler: Sending due task update-five-minutes (update)
[2022-05-14 16:25:30,792: INFO/MainProcess] Scheduler: Sending due task update-five-minutes (update)
[2022-05-14 16:27:52,489: INFO/MainProcess] Scheduler: Sending due task update-five-minutes (update)
[2022-05-14 16:40:27,522: INFO/MainProcess] beat: Starting...
[2022-05-14 16:40:27,559: INFO/MainProcess] Scheduler: Sending due task update-five-minutes (update)
[2022-05-14 16:45:27,649: INFO/MainProcess] Scheduler: Sending due task update-five-minutes (update)
[2022-05-14 16:50:27,737: INFO/MainProcess] Scheduler: Sending due task update-five-minutes (update)
[2022-05-14 16:55:27,829: INFO/MainProcess] Scheduler: Sending due task update-five-minutes (update)
[2022-05-14 17:00:27,919: INFO/MainProcess] Scheduler: Sending due task update-five-minutes (update)
[2022-05-14 17:03:21,959: INFO/MainProcess] beat: Starting...
[2022-05-14 17:03:21,965: ERROR/MainProcess] Removing corrupted schedule file 'celerybeat-schedule': error(11, 'Resource temporarily unavailable')
Traceback (most recent call last):
  File "/home/steven/Ledingo_challenge/lvenv/lib/python3.10/site-packages/celery/beat.py", line 533, in setup_schedule
    self._store = self._open_schedule()
  File "/home/steven/Ledingo_challenge/lvenv/lib/python3.10/site-packages/celery/beat.py", line 523, in _open_schedule
    return self.persistence.open(self.schedule_filename, writeback=True)
  File "/usr/lib/python3.10/shelve.py", line 243, in open
    return DbfilenameShelf(filename, flag, protocol, writeback)
  File "/usr/lib/python3.10/shelve.py", line 227, in __init__
    Shelf.__init__(self, dbm.open(filename, flag), protocol, writeback)
  File "/usr/lib/python3.10/dbm/__init__.py", line 95, in open
    return mod.open(file, flag, mode)
_gdbm.error: [Errno 11] Resource temporarily unavailable: 'celerybeat-schedule'
[2022-05-14 17:03:30,058: INFO/MainProcess] beat: Starting...
[2022-05-14 17:07:16,763: INFO/MainProcess] beat: Starting...
[2022-05-14 17:08:22,027: INFO/MainProcess] Scheduler: Sending due task update-five-minutes (update)
[2022-05-14 17:13:22,082: INFO/MainProcess] Scheduler: Sending due task update-five-minutes (update)
[2022-05-14 17:18:22,173: INFO/MainProcess] Scheduler: Sending due task update-five-minutes (update)
[2022-05-14 17:23:22,237: INFO/MainProcess] Scheduler: Sending due task update-five-minutes (update)
[2022-05-14 17:28:22,329: INFO/MainProcess] Scheduler: Sending due task update-five-minutes (update)
[2022-05-14 17:33:22,417: INFO/MainProcess] Scheduler: Sending due task update-five-minutes (update)
[2022-05-14 17:38:22,505: INFO/MainProcess] Scheduler: Sending due task update-five-minutes (update)
[2022-05-14 17:43:22,586: INFO/MainProcess] Scheduler: Sending due task update-five-minutes (update)
[2022-05-14 17:48:22,613: INFO/MainProcess] Scheduler: Sending due task update-five-minutes (update)
[2022-05-14 17:53:22,704: INFO/MainProcess] Scheduler: Sending due task update-five-minutes (update)
[2022-05-14 17:58:22,762: INFO/MainProcess] Scheduler: Sending due task update-five-minutes (update)
[2022-05-14 18:03:22,853: INFO/MainProcess] Scheduler: Sending due task update-five-minutes (update)
[2022-05-14 18:08:22,881: INFO/MainProcess] Scheduler: Sending due task update-five-minutes (update)
[2022-05-14 18:13:22,973: INFO/MainProcess] Scheduler: Sending due task update-five-minutes (update)
